<?xml version="1.0" encoding="UTF-8" standalone="no"?>
<testsuite errors="0" failures="0" name="io.cucumber.core.plugin.JUnitFormatter" skipped="0" tests="3" time="47.495">
    <testcase classname="Adding two numbers in the Calculator App" name="Adding two numbers" time="14.52">
        <system-out><![CDATA[Given Calculator is open....................................................passed
And Results are cleared.....................................................passed
When I add 5 and 7..........................................................passed
Then 12 is shown............................................................passed
]]></system-out>
    </testcase>
    <testcase classname="Adding two numbers in the Calculator App" name="Adding two numbers 2" time="18.425">
        <system-out><![CDATA[Given Calculator is open....................................................passed
And Results are cleared.....................................................passed
When I add 5.5 and 90.1.....................................................passed
Then 95.6 is shown..........................................................passed
]]></system-out>
    </testcase>
    <testcase classname="Adding two numbers in the Calculator App" name="Adding two numbers 3" time="14.408">
        <system-out><![CDATA[Given Calculator is open....................................................passed
And Results are cleared.....................................................passed
When I add .5 and 68........................................................passed
Then 68.5 is shown..........................................................passed
]]></system-out>
    </testcase>
</testsuite>
